{"contracts/core/USDCPredictionMarket.sol":{"l":{"63":12,"66":12,"67":12,"71":8,"72":8,"82":4,"83":3,"84":3,"86":3,"87":3,"89":3,"90":3,"93":3,"94":3,"95":3,"99":3,"100":3,"101":3,"103":3,"104":3,"108":2,"109":2,"110":2,"111":2,"114":2,"116":2,"117":1,"118":1,"120":1,"121":1,"124":2,"128":0,"129":0,"130":0,"131":0,"135":0,"136":0,"138":0,"141":0,"143":0,"147":0,"151":0,"152":0,"154":0,"155":0,"157":0,"158":0,"160":0,"161":0,"163":0,"164":0,"167":0,"168":0,"171":0,"172":0,"173":0,"176":0,"177":0,"180":0,"182":0,"186":0,"187":0,"189":0,"191":0,"192":0,"193":0,"195":0,"198":0,"199":0,"203":0,"206":0,"210":0,"211":0,"213":0,"215":0,"216":0,"231":2,"232":2,"252":0,"253":0,"262":0,"264":0,"265":0,"266":0,"269":0,"270":0,"272":0,"276":0,"281":0,"282":0,"283":0,"284":0,"285":0,"289":0,"290":0,"292":0,"293":0,"295":0,"301":0,"302":0,"304":0,"308":3,"310":3,"311":3,"312":3,"313":18,"314":18,"317":3,"318":3,"319":18,"320":18,"321":18,"324":3},"path":"/Users/oputa/Desktop/Predictions/contracts/core/USDCPredictionMarket.sol","s":{"1":8,"2":4,"3":3,"4":3,"5":3,"6":3,"7":3,"8":3,"9":3,"10":2,"11":2,"12":2,"13":2,"14":2,"15":2,"16":2,"17":0,"18":0,"19":0,"20":0,"21":0,"22":0,"23":0,"24":0,"25":0,"26":0,"27":0,"28":0,"29":0,"30":0,"31":0,"32":0,"33":0,"34":0,"35":0,"36":0,"37":0,"38":0,"39":0,"40":0,"41":0,"42":0,"43":0,"44":0,"45":0,"46":0,"47":0,"48":0,"49":0,"50":0,"51":0,"52":0,"53":0,"54":0,"55":0,"56":2,"57":2,"58":0,"59":0,"60":0,"61":0,"62":0,"63":0,"64":0,"65":0,"66":0,"67":0,"68":0,"69":0,"70":0,"71":0,"72":0,"73":0,"74":0,"75":0,"76":3,"77":0,"78":3,"79":3,"80":3,"81":3,"82":3,"83":3},"b":{"1":[8,0],"2":[8,0],"3":[3,1],"4":[3,0],"5":[3,0],"6":[3,0],"7":[2,0],"8":[2,0],"9":[2,0],"10":[2,0],"11":[2,0],"12":[1,1],"13":[0,0],"14":[0,0],"15":[0,0],"16":[0,0],"17":[0,0],"18":[0,0],"19":[0,0],"20":[0,0],"21":[0,0],"22":[0,0],"23":[0,0],"24":[0,0],"25":[0,0],"26":[0,0],"27":[0,0],"28":[0,0],"29":[0,0],"30":[0,0],"31":[0,0],"32":[0,0],"33":[0,0],"34":[0,0],"35":[0,0],"36":[0,0],"37":[0,0],"38":[0,0],"39":[0,0],"40":[0,0],"41":[0,0],"42":[0,0],"43":[0,0],"44":[0,0],"45":[0,0],"46":[0,0],"47":[0,3]},"f":{"1":12,"2":8,"3":4,"4":2,"5":0,"6":0,"7":0,"8":0,"9":0,"10":2,"11":0,"12":0,"13":0,"14":3},"fnMap":{"1":{"name":"constructor","line":62,"loc":{"start":{"line":62,"column":4},"end":{"line":68,"column":4}}},"2":{"name":"addPriceFeed","line":70,"loc":{"start":{"line":70,"column":4},"end":{"line":73,"column":4}}},"3":{"name":"createMarket","line":75,"loc":{"start":{"line":75,"column":4},"end":{"line":105,"column":4}}},"4":{"name":"placeBet","line":107,"loc":{"start":{"line":107,"column":4},"end":{"line":125,"column":4}}},"5":{"name":"resolveMarketWithPrice","line":127,"loc":{"start":{"line":127,"column":4},"end":{"line":144,"column":4}}},"6":{"name":"abs","line":146,"loc":{"start":{"line":146,"column":4},"end":{"line":148,"column":4}}},"7":{"name":"claimWinnings","line":150,"loc":{"start":{"line":150,"column":4},"end":{"line":183,"column":4}}},"8":{"name":"calculateWinnings","line":185,"loc":{"start":{"line":185,"column":4},"end":{"line":207,"column":4}}},"9":{"name":"getOdds","line":209,"loc":{"start":{"line":209,"column":4},"end":{"line":217,"column":4}}},"10":{"name":"getMarketInfo","line":219,"loc":{"start":{"line":219,"column":4},"end":{"line":244,"column":4}}},"11":{"name":"getUserPosition","line":246,"loc":{"start":{"line":246,"column":4},"end":{"line":259,"column":4}}},"12":{"name":"withdrawFees","line":261,"loc":{"start":{"line":261,"column":4},"end":{"line":273,"column":4}}},"13":{"name":"withdrawForfeited","line":275,"loc":{"start":{"line":275,"column":4},"end":{"line":305,"column":4}}},"14":{"name":"toString","line":307,"loc":{"start":{"line":307,"column":4},"end":{"line":325,"column":4}}}},"statementMap":{"1":{"start":{"line":71,"column":8},"end":{"line":71,"column":58}},"2":{"start":{"line":82,"column":8},"end":{"line":82,"column":71}},"3":{"start":{"line":83,"column":8},"end":{"line":83,"column":80}},"4":{"start":{"line":84,"column":8},"end":{"line":84,"column":61}},"5":{"start":{"line":86,"column":8},"end":{"line":86,"column":44}},"6":{"start":{"line":87,"column":8},"end":{"line":87,"column":52}},"7":{"start":{"line":89,"column":8},"end":{"line":89,"column":62}},"8":{"start":{"line":103,"column":8},"end":{"line":103,"column":90}},"9":{"start":{"line":104,"column":8},"end":{"line":104,"column":23}},"10":{"start":{"line":108,"column":8},"end":{"line":108,"column":50}},"11":{"start":{"line":109,"column":8},"end":{"line":109,"column":67}},"12":{"start":{"line":110,"column":8},"end":{"line":110,"column":59}},"13":{"start":{"line":111,"column":8},"end":{"line":111,"column":57}},"14":{"start":{"line":114,"column":8},"end":{"line":114,"column":93}},"15":{"start":{"line":116,"column":8},"end":{"line":116,"column":4077}},"16":{"start":{"line":124,"column":8},"end":{"line":124,"column":62}},"17":{"start":{"line":128,"column":8},"end":{"line":128,"column":50}},"18":{"start":{"line":129,"column":8},"end":{"line":129,"column":72}},"19":{"start":{"line":130,"column":8},"end":{"line":130,"column":52}},"20":{"start":{"line":131,"column":8},"end":{"line":131,"column":43}},"21":{"start":{"line":135,"column":8},"end":{"line":135,"column":4901}},"22":{"start":{"line":143,"column":8},"end":{"line":143,"column":54}},"23":{"start":{"line":147,"column":8},"end":{"line":147,"column":48}},"24":{"start":{"line":151,"column":8},"end":{"line":151,"column":50}},"25":{"start":{"line":152,"column":8},"end":{"line":152,"column":54}},"26":{"start":{"line":154,"column":8},"end":{"line":154,"column":64}},"27":{"start":{"line":155,"column":8},"end":{"line":155,"column":52}},"28":{"start":{"line":157,"column":8},"end":{"line":157,"column":72}},"29":{"start":{"line":158,"column":8},"end":{"line":158,"column":48}},"30":{"start":{"line":160,"column":8},"end":{"line":160,"column":83}},"31":{"start":{"line":161,"column":8},"end":{"line":161,"column":76}},"32":{"start":{"line":163,"column":8},"end":{"line":163,"column":27}},"33":{"start":{"line":164,"column":8},"end":{"line":164,"column":23}},"34":{"start":{"line":167,"column":8},"end":{"line":167,"column":6090}},"35":{"start":{"line":171,"column":12},"end":{"line":171,"column":86}},"36":{"start":{"line":180,"column":8},"end":{"line":180,"column":78}},"37":{"start":{"line":182,"column":8},"end":{"line":182,"column":64}},"38":{"start":{"line":186,"column":8},"end":{"line":186,"column":50}},"39":{"start":{"line":187,"column":8},"end":{"line":187,"column":59}},"40":{"start":{"line":189,"column":8},"end":{"line":189,"column":58}},"41":{"start":{"line":189,"column":50},"end":{"line":189,"column":58}},"42":{"start":{"line":191,"column":8},"end":{"line":191,"column":77}},"43":{"start":{"line":192,"column":8},"end":{"line":192,"column":76}},"44":{"start":{"line":193,"column":8},"end":{"line":193,"column":83}},"45":{"start":{"line":195,"column":8},"end":{"line":195,"column":36}},"46":{"start":{"line":195,"column":28},"end":{"line":195,"column":36}},"47":{"start":{"line":198,"column":8},"end":{"line":198,"column":7419}},"48":{"start":{"line":199,"column":12},"end":{"line":199,"column":28}},"49":{"start":{"line":203,"column":8},"end":{"line":203,"column":38}},"50":{"start":{"line":203,"column":30},"end":{"line":203,"column":38}},"51":{"start":{"line":206,"column":8},"end":{"line":206,"column":65}},"52":{"start":{"line":210,"column":8},"end":{"line":210,"column":50}},"53":{"start":{"line":211,"column":8},"end":{"line":211,"column":54}},"54":{"start":{"line":213,"column":8},"end":{"line":213,"column":39}},"55":{"start":{"line":213,"column":24},"end":{"line":213,"column":39}},"56":{"start":{"line":231,"column":8},"end":{"line":231,"column":50}},"57":{"start":{"line":232,"column":8},"end":{"line":232,"column":8548}},"58":{"start":{"line":252,"column":8},"end":{"line":252,"column":71}},"59":{"start":{"line":253,"column":8},"end":{"line":253,"column":9177}},"60":{"start":{"line":262,"column":8},"end":{"line":262,"column":29}},"61":{"start":{"line":264,"column":8},"end":{"line":264,"column":9466}},"62":{"start":{"line":269,"column":8},"end":{"line":269,"column":52}},"63":{"start":{"line":270,"column":8},"end":{"line":270,"column":74}},"64":{"start":{"line":272,"column":8},"end":{"line":272,"column":37}},"65":{"start":{"line":276,"column":8},"end":{"line":276,"column":34}},"66":{"start":{"line":281,"column":8},"end":{"line":281,"column":10113}},"67":{"start":{"line":282,"column":12},"end":{"line":282,"column":46}},"68":{"start":{"line":283,"column":12},"end":{"line":283,"column":10222}},"69":{"start":{"line":284,"column":16},"end":{"line":284,"column":85}},"70":{"start":{"line":285,"column":16},"end":{"line":285,"column":84}},"71":{"start":{"line":289,"column":16},"end":{"line":289,"column":10641}},"72":{"start":{"line":292,"column":20},"end":{"line":292,"column":10820}},"73":{"start":{"line":301,"column":8},"end":{"line":301,"column":70}},"74":{"start":{"line":302,"column":8},"end":{"line":302,"column":85}},"75":{"start":{"line":304,"column":8},"end":{"line":304,"column":47}},"76":{"start":{"line":308,"column":8},"end":{"line":308,"column":34}},"77":{"start":{"line":308,"column":24},"end":{"line":308,"column":34}},"78":{"start":{"line":310,"column":8},"end":{"line":310,"column":28}},"79":{"start":{"line":311,"column":8},"end":{"line":311,"column":22}},"80":{"start":{"line":312,"column":8},"end":{"line":312,"column":11429}},"81":{"start":{"line":317,"column":8},"end":{"line":317,"column":47}},"82":{"start":{"line":318,"column":8},"end":{"line":318,"column":11571}},"83":{"start":{"line":324,"column":8},"end":{"line":324,"column":29}}},"branchMap":{"1":{"line":70,"type":"if","locations":[{"start":{"line":70,"column":70},"end":{"line":70,"column":70}},{"start":{"line":70,"column":70},"end":{"line":70,"column":70}}]},"2":{"line":71,"type":"if","locations":[{"start":{"line":71,"column":8},"end":{"line":71,"column":8}},{"start":{"line":71,"column":8},"end":{"line":71,"column":8}}]},"3":{"line":82,"type":"if","locations":[{"start":{"line":82,"column":8},"end":{"line":82,"column":8}},{"start":{"line":82,"column":8},"end":{"line":82,"column":8}}]},"4":{"line":83,"type":"if","locations":[{"start":{"line":83,"column":8},"end":{"line":83,"column":8}},{"start":{"line":83,"column":8},"end":{"line":83,"column":8}}]},"5":{"line":84,"type":"if","locations":[{"start":{"line":84,"column":8},"end":{"line":84,"column":8}},{"start":{"line":84,"column":8},"end":{"line":84,"column":8}}]},"6":{"line":89,"type":"if","locations":[{"start":{"line":89,"column":45},"end":{"line":89,"column":51}},{"start":{"line":89,"column":55},"end":{"line":89,"column":61}}]},"7":{"line":107,"type":"if","locations":[{"start":{"line":107,"column":80},"end":{"line":107,"column":80}},{"start":{"line":107,"column":80},"end":{"line":107,"column":80}}]},"8":{"line":109,"type":"if","locations":[{"start":{"line":109,"column":8},"end":{"line":109,"column":8}},{"start":{"line":109,"column":8},"end":{"line":109,"column":8}}]},"9":{"line":110,"type":"if","locations":[{"start":{"line":110,"column":8},"end":{"line":110,"column":8}},{"start":{"line":110,"column":8},"end":{"line":110,"column":8}}]},"10":{"line":111,"type":"if","locations":[{"start":{"line":111,"column":8},"end":{"line":111,"column":8}},{"start":{"line":111,"column":8},"end":{"line":111,"column":8}}]},"11":{"line":114,"type":"if","locations":[{"start":{"line":114,"column":8},"end":{"line":114,"column":8}},{"start":{"line":114,"column":8},"end":{"line":114,"column":8}}]},"12":{"line":116,"type":"if","locations":[{"start":{"line":116,"column":8},"end":{"line":116,"column":8}},{"start":{"line":116,"column":8},"end":{"line":116,"column":8}}]},"13":{"line":129,"type":"if","locations":[{"start":{"line":129,"column":8},"end":{"line":129,"column":8}},{"start":{"line":129,"column":8},"end":{"line":129,"column":8}}]},"14":{"line":130,"type":"if","locations":[{"start":{"line":130,"column":8},"end":{"line":130,"column":8}},{"start":{"line":130,"column":8},"end":{"line":130,"column":8}}]},"15":{"line":131,"type":"if","locations":[{"start":{"line":131,"column":8},"end":{"line":131,"column":8}},{"start":{"line":131,"column":8},"end":{"line":131,"column":8}}]},"16":{"line":135,"type":"if","locations":[{"start":{"line":135,"column":8},"end":{"line":135,"column":8}},{"start":{"line":135,"column":8},"end":{"line":135,"column":8}}]},"17":{"line":147,"type":"if","locations":[{"start":{"line":147,"column":24},"end":{"line":147,"column":33}},{"start":{"line":147,"column":37},"end":{"line":147,"column":47}}]},"18":{"line":150,"type":"if","locations":[{"start":{"line":150,"column":55},"end":{"line":150,"column":55}},{"start":{"line":150,"column":55},"end":{"line":150,"column":55}}]},"19":{"line":152,"type":"if","locations":[{"start":{"line":152,"column":8},"end":{"line":152,"column":8}},{"start":{"line":152,"column":8},"end":{"line":152,"column":8}}]},"20":{"line":155,"type":"if","locations":[{"start":{"line":155,"column":8},"end":{"line":155,"column":8}},{"start":{"line":155,"column":8},"end":{"line":155,"column":8}}]},"21":{"line":158,"type":"if","locations":[{"start":{"line":158,"column":8},"end":{"line":158,"column":8}},{"start":{"line":158,"column":8},"end":{"line":158,"column":8}}]},"22":{"line":160,"type":"if","locations":[{"start":{"line":160,"column":45},"end":{"line":160,"column":62}},{"start":{"line":160,"column":66},"end":{"line":160,"column":82}}]},"23":{"line":161,"type":"if","locations":[{"start":{"line":161,"column":46},"end":{"line":161,"column":58}},{"start":{"line":161,"column":62},"end":{"line":161,"column":75}}]},"24":{"line":167,"type":"if","locations":[{"start":{"line":167,"column":8},"end":{"line":167,"column":8}},{"start":{"line":167,"column":8},"end":{"line":167,"column":8}}]},"25":{"line":171,"type":"if","locations":[{"start":{"line":171,"column":57},"end":{"line":171,"column":81}},{"start":{"line":171,"column":85},"end":{"line":171,"column":85}}]},"26":{"line":180,"type":"if","locations":[{"start":{"line":180,"column":8},"end":{"line":180,"column":8}},{"start":{"line":180,"column":8},"end":{"line":180,"column":8}}]},"27":{"line":189,"type":"if","locations":[{"start":{"line":189,"column":8},"end":{"line":189,"column":8}},{"start":{"line":189,"column":8},"end":{"line":189,"column":8}}]},"28":{"line":189,"type":"cond-expr","locations":[{"start":{"line":189,"column":12},"end":{"line":189,"column":27}},{"start":{"line":189,"column":32},"end":{"line":189,"column":47}}]},"29":{"line":191,"type":"if","locations":[{"start":{"line":191,"column":47},"end":{"line":191,"column":60}},{"start":{"line":191,"column":64},"end":{"line":191,"column":76}}]},"30":{"line":192,"type":"if","locations":[{"start":{"line":192,"column":46},"end":{"line":192,"column":58}},{"start":{"line":192,"column":62},"end":{"line":192,"column":75}}]},"31":{"line":193,"type":"if","locations":[{"start":{"line":193,"column":45},"end":{"line":193,"column":62}},{"start":{"line":193,"column":66},"end":{"line":193,"column":82}}]},"32":{"line":195,"type":"if","locations":[{"start":{"line":195,"column":8},"end":{"line":195,"column":8}},{"start":{"line":195,"column":8},"end":{"line":195,"column":8}}]},"33":{"line":198,"type":"if","locations":[{"start":{"line":198,"column":8},"end":{"line":198,"column":8}},{"start":{"line":198,"column":8},"end":{"line":198,"column":8}}]},"34":{"line":203,"type":"if","locations":[{"start":{"line":203,"column":8},"end":{"line":203,"column":8}},{"start":{"line":203,"column":8},"end":{"line":203,"column":8}}]},"35":{"line":213,"type":"if","locations":[{"start":{"line":213,"column":8},"end":{"line":213,"column":8}},{"start":{"line":213,"column":8},"end":{"line":213,"column":8}}]},"36":{"line":261,"type":"if","locations":[{"start":{"line":261,"column":37},"end":{"line":261,"column":37}},{"start":{"line":261,"column":37},"end":{"line":261,"column":37}}]},"37":{"line":269,"type":"if","locations":[{"start":{"line":269,"column":8},"end":{"line":269,"column":8}},{"start":{"line":269,"column":8},"end":{"line":269,"column":8}}]},"38":{"line":270,"type":"if","locations":[{"start":{"line":270,"column":8},"end":{"line":270,"column":8}},{"start":{"line":270,"column":8},"end":{"line":270,"column":8}}]},"39":{"line":275,"type":"if","locations":[{"start":{"line":275,"column":42},"end":{"line":275,"column":42}},{"start":{"line":275,"column":42},"end":{"line":275,"column":42}}]},"40":{"line":283,"type":"if","locations":[{"start":{"line":283,"column":12},"end":{"line":283,"column":12}},{"start":{"line":283,"column":12},"end":{"line":283,"column":12}}]},"41":{"line":284,"type":"if","locations":[{"start":{"line":284,"column":55},"end":{"line":284,"column":68}},{"start":{"line":284,"column":72},"end":{"line":284,"column":84}}]},"42":{"line":285,"type":"if","locations":[{"start":{"line":285,"column":54},"end":{"line":285,"column":66}},{"start":{"line":285,"column":70},"end":{"line":285,"column":83}}]},"43":{"line":289,"type":"if","locations":[{"start":{"line":289,"column":16},"end":{"line":289,"column":16}},{"start":{"line":289,"column":16},"end":{"line":289,"column":16}}]},"44":{"line":292,"type":"if","locations":[{"start":{"line":292,"column":20},"end":{"line":292,"column":20}},{"start":{"line":292,"column":20},"end":{"line":292,"column":20}}]},"45":{"line":301,"type":"if","locations":[{"start":{"line":301,"column":8},"end":{"line":301,"column":8}},{"start":{"line":301,"column":8},"end":{"line":301,"column":8}}]},"46":{"line":302,"type":"if","locations":[{"start":{"line":302,"column":8},"end":{"line":302,"column":8}},{"start":{"line":302,"column":8},"end":{"line":302,"column":8}}]},"47":{"line":308,"type":"if","locations":[{"start":{"line":308,"column":8},"end":{"line":308,"column":8}},{"start":{"line":308,"column":8},"end":{"line":308,"column":8}}]}}},"contracts/mocks/MockAggregator.sol":{"l":{"16":24,"17":24,"18":24,"19":24,"20":24,"24":0,"25":0,"26":0,"41":0,"56":0},"path":"/Users/oputa/Desktop/Predictions/contracts/mocks/MockAggregator.sol","s":{"1":0,"2":0},"b":{},"f":{"1":24,"2":0,"3":0,"4":0},"fnMap":{"1":{"name":"constructor","line":15,"loc":{"start":{"line":15,"column":4},"end":{"line":21,"column":4}}},"2":{"name":"updateAnswer","line":23,"loc":{"start":{"line":23,"column":4},"end":{"line":27,"column":4}}},"3":{"name":"getRoundData","line":29,"loc":{"start":{"line":29,"column":4},"end":{"line":42,"column":4}}},"4":{"name":"latestRoundData","line":44,"loc":{"start":{"line":44,"column":4},"end":{"line":63,"column":4}}}},"statementMap":{"1":{"start":{"line":41,"column":8},"end":{"line":41,"column":83}},"2":{"start":{"line":56,"column":8},"end":{"line":56,"column":1493}}},"branchMap":{}},"contracts/mocks/MockUSDC.sol":{"l":{"10":0,"14":8},"path":"/Users/oputa/Desktop/Predictions/contracts/mocks/MockUSDC.sol","s":{"1":0,"2":8},"b":{},"f":{"1":12,"2":0,"3":8},"fnMap":{"1":{"name":"constructor","line":7,"loc":{"start":{"line":7,"column":4},"end":{"line":7,"column":45}}},"2":{"name":"decimals","line":9,"loc":{"start":{"line":9,"column":4},"end":{"line":11,"column":4}}},"3":{"name":"mint","line":13,"loc":{"start":{"line":13,"column":4},"end":{"line":15,"column":4}}}},"statementMap":{"1":{"start":{"line":10,"column":8},"end":{"line":10,"column":16}},"2":{"start":{"line":14,"column":8},"end":{"line":14,"column":24}}},"branchMap":{}}}